[17-05-2016 09:35:51] PayPal\Core\PayPalHttpConnection : INFO: POST https://api.sandbox.paypal.com/v1/oauth2/token
[17-05-2016 09:35:52] PayPal\Core\PayPalHttpConnection : INFO: Invalid or no certificate authority found - Retrying using bundled CA certs file
[17-05-2016 09:35:53] PayPal\Core\PayPalHttpConnection : DEBUG: Request Headers 	: POST /v1/oauth2/token HTTP/1.1, Host: api.sandbox.paypal.com, User-Agent: PayPalSDK/PayPal-PHP-SDK 1.7.2 (platform-ver=5.5.12; bit=32; os=Windows_NT_6.2; machine=AMD64; crypto-lib-ver=1.0.1g; curl=7.36.0), Authorization: Basic bmF0aGFubW04OC1mYWNpbGl0YXRvcl9hcGkxLmdtYWlsLmNvbTpHS1FRUU1KRU1IVk44UkJV, Accept: */*, Content-Length: 29, Content-Type: application/x-www-form-urlencoded, , 
[17-05-2016 09:35:53] PayPal\Core\PayPalHttpConnection : DEBUG: Request Data		: grant_type=client_credentials
--------------------------------------------------------------------------------------------------------------------------------

[17-05-2016 09:35:53] PayPal\Core\PayPalHttpConnection : INFO: Response Status 	: 401
[17-05-2016 09:35:53] PayPal\Core\PayPalHttpConnection : DEBUG: Response Headers	: HTTP/1.1 401 Unauthorized, Date: Tue, 17 May 2016 21:35:52 GMT, Server: Apache, PROXY_SERVER_INFO: host=slcsbplatformapiserv3002.slc.paypal.com;threadId=440, Paypal-Debug-Id: 1b776728cfa97, CORRELATION-ID: 1b776728cfa97, X-PAYPAL-TOKEN-SERVICE: IAAS, Paypal-Debug-Id: 1b776728cfa97, Set-Cookie: X-PP-SILOVER=name%3DSANDBOX3.API.1%26silo_version%3D1880%26app%3Dplatformapiserv%26TIME%3D3096329047%26HTTP_X_PP_AZ_LOCATOR%3D; Expires=Tue, 17 May 2016 22:05:52 GMT; domain=.paypal.com; path=/; Secure; HttpOnly, Set-Cookie: X-PP-SILOVER=; Expires=Thu, 01 Jan 1970 00:00:01 GMT, Vary: Authorization, Content-Length: 77, Connection: close, Content-Type: application/json, , 
[17-05-2016 09:35:53] PayPal\Core\PayPalHttpConnection : ERROR: Got Http response code 401 when accessing https://api.sandbox.paypal.com/v1/oauth2/token. {"error":"invalid_client","error_description":"Client Authentication failed"}
[17-05-2016 09:35:53] PayPal\Core\PayPalHttpConnection : DEBUG: 

================================================================================================================================

[17-05-2016 10:12:03] PayPal\Core\PayPalHttpConnection : INFO: POST https://api.sandbox.paypal.com/v1/oauth2/token
[17-05-2016 10:12:04] PayPal\Core\PayPalHttpConnection : INFO: Invalid or no certificate authority found - Retrying using bundled CA certs file
[17-05-2016 10:12:05] PayPal\Core\PayPalHttpConnection : DEBUG: Request Headers 	: POST /v1/oauth2/token HTTP/1.1, Host: api.sandbox.paypal.com, User-Agent: PayPalSDK/PayPal-PHP-SDK 1.7.2 (platform-ver=5.5.12; bit=32; os=Windows_NT_6.2; machine=AMD64; crypto-lib-ver=1.0.1g; curl=7.36.0), Authorization: Basic bmF0aGFubW04OC1mYWNpbGl0YXRvcl9hcGkxLmdtYWlsLmNvbTpHS1FRUU1KRU1IVk44UkJV, Accept: */*, Content-Length: 29, Content-Type: application/x-www-form-urlencoded, , 
[17-05-2016 10:12:05] PayPal\Core\PayPalHttpConnection : DEBUG: Request Data		: grant_type=client_credentials
--------------------------------------------------------------------------------------------------------------------------------

[17-05-2016 10:12:05] PayPal\Core\PayPalHttpConnection : INFO: Response Status 	: 401
[17-05-2016 10:12:05] PayPal\Core\PayPalHttpConnection : DEBUG: Response Headers	: HTTP/1.1 401 Unauthorized, Date: Tue, 17 May 2016 22:12:04 GMT, Server: Apache, PROXY_SERVER_INFO: host=slcsbplatformapiserv3001.slc.paypal.com;threadId=272, Paypal-Debug-Id: ff80b2217fd, CORRELATION-ID: ff80b2217fd, X-PAYPAL-TOKEN-SERVICE: IAAS, Paypal-Debug-Id: ff80b2217fd, Set-Cookie: X-PP-SILOVER=name%3DSANDBOX3.API.1%26silo_version%3D1880%26app%3Dplatformapiserv%26TIME%3D899103575%26HTTP_X_PP_AZ_LOCATOR%3D; Expires=Tue, 17 May 2016 22:42:05 GMT; domain=.paypal.com; path=/; Secure; HttpOnly, Set-Cookie: X-PP-SILOVER=; Expires=Thu, 01 Jan 1970 00:00:01 GMT, Vary: Authorization, Content-Length: 77, Connection: close, Content-Type: application/json, , 
[17-05-2016 10:12:05] PayPal\Core\PayPalHttpConnection : ERROR: Got Http response code 401 when accessing https://api.sandbox.paypal.com/v1/oauth2/token. {"error":"invalid_client","error_description":"Client Authentication failed"}
[17-05-2016 10:12:05] PayPal\Core\PayPalHttpConnection : DEBUG: 

================================================================================================================================

[17-05-2016 10:15:35] PayPal\Core\PayPalHttpConnection : INFO: POST https://api.sandbox.paypal.com/v1/oauth2/token
[17-05-2016 10:15:35] PayPal\Core\PayPalHttpConnection : INFO: Invalid or no certificate authority found - Retrying using bundled CA certs file
[17-05-2016 10:16:14] PayPal\Core\PayPalHttpConnection : INFO: POST https://api.sandbox.paypal.com/v1/oauth2/token
[17-05-2016 10:16:15] PayPal\Core\PayPalHttpConnection : INFO: Invalid or no certificate authority found - Retrying using bundled CA certs file
[17-05-2016 10:21:19] PayPal\Core\PayPalHttpConnection : INFO: POST https://api.sandbox.paypal.com/v1/oauth2/token
[17-05-2016 10:21:19] PayPal\Core\PayPalHttpConnection : INFO: Invalid or no certificate authority found - Retrying using bundled CA certs file
[17-05-2016 10:21:20] PayPal\Core\PayPalHttpConnection : DEBUG: Request Headers 	: POST /v1/oauth2/token HTTP/1.1, Host: api.sandbox.paypal.com, User-Agent: PayPalSDK/PayPal-PHP-SDK 1.7.2 (platform-ver=5.5.12; bit=32; os=Windows_NT_6.2; machine=AMD64; crypto-lib-ver=1.0.1g; curl=7.36.0), Authorization: Basic QVEzYWFCQ1IzTklxMGtfem9ZWG1BaWpWdnJXM185dXJDTmVwVHJPS2dqUFN0TDF0QmxWWkd6V2lKR2s2OkVHajFsQkJkX2w5b1VTampfZ3FWZW9WcmVPQXc5a0N3aWt2TXlwc0psVWlZZXhBdjJ3YnduSnpIT1NxZQ==, Accept: */*, Content-Length: 29, Content-Type: application/x-www-form-urlencoded, , 
[17-05-2016 10:21:20] PayPal\Core\PayPalHttpConnection : DEBUG: Request Data		: grant_type=client_credentials
--------------------------------------------------------------------------------------------------------------------------------

[17-05-2016 10:21:20] PayPal\Core\PayPalHttpConnection : INFO: Response Status 	: 200
[17-05-2016 10:21:20] PayPal\Core\PayPalHttpConnection : DEBUG: Response Headers	: HTTP/1.1 200 OK, Date: Tue, 17 May 2016 22:21:20 GMT, Server: Apache, PROXY_SERVER_INFO: host=slcsbplatformapiserv3002.slc.paypal.com;threadId=1459, Paypal-Debug-Id: 3024efd62de18, CORRELATION-ID: 3024efd62de18, X-PAYPAL-TOKEN-SERVICE: IAAS, Paypal-Debug-Id: 3024efd62de18, Set-Cookie: X-PP-SILOVER=name%3DSANDBOX3.API.1%26silo_version%3D1880%26app%3Dplatformapiserv%26TIME%3D1620654935%26HTTP_X_PP_AZ_LOCATOR%3D; Expires=Tue, 17 May 2016 22:51:20 GMT; domain=.paypal.com; path=/; Secure; HttpOnly, Set-Cookie: X-PP-SILOVER=; Expires=Thu, 01 Jan 1970 00:00:01 GMT, Vary: Authorization, Content-Length: 510, Connection: close, Content-Type: application/json, , 
[17-05-2016 10:21:20] PayPal\Core\PayPalHttpConnection : DEBUG: Response Data 	: {"scope":"https://uri.paypal.com/services/subscriptions https://api.paypal.com/v1/payments/.* https://api.paypal.com/v1/vault/credit-card https://uri.paypal.com/services/applications/webhooks openid https://api.paypal.com/v1/vault/credit-card/.*","nonce":"2016-05-17T22:21:20ZrmAveKmbU2i-yuqCnn7pMq2VqnTz9dyYEj-kfOykA7A","access_token":"A101.QOSSZMRTLce0kiizWBdFfzAgY2BvxRXjQmYGmskWuoaVBYYnQs7qOYfMnqL2C9Fh.SbzJY70Ac4XJoNizryPVOmuI88i","token_type":"Bearer","app_id":"APP-80W284485P519543T","expires_in":32400}

================================================================================================================================

[17-05-2016 10:21:20] PayPal\Core\PayPalHttpConnection : INFO: POST https://api.sandbox.paypal.com/v1/payments/payment
[17-05-2016 10:21:21] PayPal\Core\PayPalHttpConnection : INFO: Invalid or no certificate authority found - Retrying using bundled CA certs file
[17-05-2016 10:21:22] PayPal\Core\PayPalHttpConnection : DEBUG: Request Headers 	: POST /v1/payments/payment HTTP/1.1, Host: api.sandbox.paypal.com, Accept: */*, Content-Type: application/json, User-Agent: PayPalSDK/PayPal-PHP-SDK 1.7.2 (platform-ver=5.5.12; bit=32; os=Windows_NT_6.2; machine=AMD64; crypto-lib-ver=1.0.1g; curl=7.36.0), Authorization: Bearer A101.QOSSZMRTLce0kiizWBdFfzAgY2BvxRXjQmYGmskWuoaVBYYnQs7qOYfMnqL2C9Fh.SbzJY70Ac4XJoNizryPVOmuI88i, PayPal-Request-Id: 21307064336340146352367812071, Content-Length: 635, , 
[17-05-2016 10:21:22] PayPal\Core\PayPalHttpConnection : DEBUG: Request Data		: {"intent":"sale","payer":{"payment_method":"paypal"},"redirect_urls":{"return_url":"http://simplyindian.mytakeawaysite.local/ExecutePayment.php?success=true","cancel_url":"http://simplyindian.mytakeawaysite.local/ExecutePayment.php?success=false"},"transactions":[{"amount":{"currency":"USD","total":"20","details":{"shipping":"1.20","tax":"1.30","subtotal":"17.50"}},"item_list":{"items":[{"name":"Ground Coffee 40 oz","currency":"USD","quantity":1,"sku":"123123","price":"7.50"},{"name":"Granola bars","currency":"USD","quantity":5,"sku":"321321","price":"2"}]},"description":"Payment description","invoice_number":"573b995f2c5c2"}]}
--------------------------------------------------------------------------------------------------------------------------------

[17-05-2016 10:21:22] PayPal\Core\PayPalHttpConnection : INFO: Response Status 	: 500
[17-05-2016 10:21:22] PayPal\Core\PayPalHttpConnection : DEBUG: Response Headers	: HTTP/1.1 500 Internal Server Error, Date: Tue, 17 May 2016 22:21:21 GMT, Server: Apache, PROXY_SERVER_INFO: host=slcsbplatformapiserv3002.slc.paypal.com;threadId=355, Paypal-Debug-Id: b5a57853dfc79, CORRELATION-ID: b5a57853dfc79, Content-Language: *, Connection: close, Connection: close, Paypal-Debug-Id: b5a57853dfc79, Set-Cookie: X-PP-SILOVER=name%3DSANDBOX3.API.1%26silo_version%3D1880%26app%3Dplatformapiserv%26TIME%3D1637432151%26HTTP_X_PP_AZ_LOCATOR%3D; Expires=Tue, 17 May 2016 22:51:21 GMT; domain=.paypal.com; path=/; Secure; HttpOnly, Set-Cookie: X-PP-SILOVER=; Expires=Thu, 01 Jan 1970 00:00:01 GMT, Vary: Authorization, Content-Length: 212, Content-Type: application/json, , 
[17-05-2016 10:21:22] PayPal\Core\PayPalHttpConnection : ERROR: Got Http response code 500 when accessing https://api.sandbox.paypal.com/v1/payments/payment. {"name":"INTERNAL_SERVICE_ERROR","message":"An internal service error has occurred","information_link":"https://developer.paypal.com/webapps/developer/docs/api/#INTERNAL_SERVICE_ERROR","debug_id":"b5a57853dfc79"}
[17-05-2016 10:21:22] PayPal\Core\PayPalHttpConnection : DEBUG: 

================================================================================================================================

[17-05-2016 10:21:59] PayPal\Core\PayPalHttpConnection : INFO: POST https://api.sandbox.paypal.com/v1/payments/payment
[17-05-2016 10:22:00] PayPal\Core\PayPalHttpConnection : INFO: Invalid or no certificate authority found - Retrying using bundled CA certs file
[17-05-2016 10:22:31] PayPal\Core\PayPalHttpConnection : INFO: POST https://api.sandbox.paypal.com/v1/payments/payment
[17-05-2016 10:22:31] PayPal\Core\PayPalHttpConnection : INFO: Invalid or no certificate authority found - Retrying using bundled CA certs file
[17-05-2016 10:22:53] PayPal\Core\PayPalHttpConnection : INFO: POST https://api.sandbox.paypal.com/v1/payments/payment
[17-05-2016 10:22:54] PayPal\Core\PayPalHttpConnection : INFO: Invalid or no certificate authority found - Retrying using bundled CA certs file
[17-05-2016 10:22:55] PayPal\Core\PayPalHttpConnection : DEBUG: Request Headers 	: POST /v1/payments/payment HTTP/1.1, Host: api.sandbox.paypal.com, Accept: */*, Content-Type: application/json, User-Agent: PayPalSDK/PayPal-PHP-SDK 1.7.2 (platform-ver=5.5.12; bit=32; os=Windows_NT_6.2; machine=AMD64; crypto-lib-ver=1.0.1g; curl=7.36.0), Authorization: Bearer A101.QOSSZMRTLce0kiizWBdFfzAgY2BvxRXjQmYGmskWuoaVBYYnQs7qOYfMnqL2C9Fh.SbzJY70Ac4XJoNizryPVOmuI88i, PayPal-Request-Id: 21307064336340146352377327180, Content-Length: 635, , 
[17-05-2016 10:22:55] PayPal\Core\PayPalHttpConnection : DEBUG: Request Data		: {"intent":"sale","payer":{"payment_method":"paypal"},"redirect_urls":{"return_url":"http://simplyindian.mytakeawaysite.local/ExecutePayment.php?success=true","cancel_url":"http://simplyindian.mytakeawaysite.local/ExecutePayment.php?success=false"},"transactions":[{"amount":{"currency":"USD","total":"20","details":{"shipping":"1.20","tax":"1.30","subtotal":"17.50"}},"item_list":{"items":[{"name":"Ground Coffee 40 oz","currency":"USD","quantity":1,"sku":"123123","price":"7.50"},{"name":"Granola bars","currency":"USD","quantity":5,"sku":"321321","price":"2"}]},"description":"Payment description","invoice_number":"573b99bde20b4"}]}
--------------------------------------------------------------------------------------------------------------------------------

[17-05-2016 10:22:55] PayPal\Core\PayPalHttpConnection : INFO: Response Status 	: 201
[17-05-2016 10:22:55] PayPal\Core\PayPalHttpConnection : DEBUG: Response Headers	: HTTP/1.1 201 Created, Date: Tue, 17 May 2016 22:22:54 GMT, Server: Apache, PROXY_SERVER_INFO: host=slcsbplatformapiserv3002.slc.paypal.com;threadId=290, Paypal-Debug-Id: 2a7a46fce19cc, CORRELATION-ID: 2a7a46fce19cc, Content-Language: *, Paypal-Debug-Id: 2a7a46fce19cc, Set-Cookie: X-PP-SILOVER=name%3DSANDBOX3.API.1%26silo_version%3D1880%26app%3Dplatformapiserv%26TIME%3D3197713239%26HTTP_X_PP_AZ_LOCATOR%3D; Expires=Tue, 17 May 2016 22:52:55 GMT; domain=.paypal.com; path=/; Secure; HttpOnly, Set-Cookie: X-PP-SILOVER=; Expires=Thu, 01 Jan 1970 00:00:01 GMT, Vary: Authorization, Content-Length: 967, Connection: close, Content-Type: application/json, , 
[17-05-2016 10:22:55] PayPal\Core\PayPalHttpConnection : DEBUG: Response Data 	: {"id":"PAY-8VV355814E2747422K45ZTPY","intent":"sale","state":"created","payer":{"payment_method":"paypal"},"transactions":[{"amount":{"total":"20.00","currency":"USD","details":{"subtotal":"17.50","tax":"1.30","shipping":"1.20"}},"description":"Payment description","invoice_number":"573b99bde20b4","item_list":{"items":[{"name":"Ground Coffee 40 oz","sku":"123123","price":"7.50","currency":"USD","quantity":1},{"name":"Granola bars","sku":"321321","price":"2.00","currency":"USD","quantity":5}]},"related_resources":[]}],"create_time":"2016-05-17T22:22:54Z","links":[{"href":"https://api.sandbox.paypal.com/v1/payments/payment/PAY-8VV355814E2747422K45ZTPY","rel":"self","method":"GET"},{"href":"https://www.sandbox.paypal.com/cgi-bin/webscr?cmd=_express-checkout&token=EC-33717880KA5950244","rel":"approval_url","method":"REDIRECT"},{"href":"https://api.sandbox.paypal.com/v1/payments/payment/PAY-8VV355814E2747422K45ZTPY/execute","rel":"execute","method":"POST"}]}

================================================================================================================================

